<?xml version="1.0" encoding="UTF-8"?>
<!-- Generated by org.testng.reporters.JUnitXMLReporter -->
<testsuite ignored="2" hostname="KSB" failures="0" tests="1" name="Google Gmail Test" time="9.725" errors="0" timestamp="2022-08-23T08:53:17 IST">
  <testcase classname="action_tests.Login_Page_Test" name="test1" time="0.03"/>
  <testcase classname="action_tests.SignIn_Test" name="test_forgot" time="0.0">
    <ignored/>
  </testcase> <!-- test_forgot -->
  <testcase classname="action_tests.SignIn_Test" name="test_signIn" time="0.0">
    <ignored/>
  </testcase> <!-- test_signIn -->
</testsuite> <!-- Google Gmail Test -->
