<?xml version="1.0" encoding="UTF-8"?>
<!-- Generated by org.testng.reporters.JUnitXMLReporter -->
<testsuite ignored="2" hostname="KSB" failures="0" tests="1" name="Tab_Window_handling" time="27.4" errors="0" timestamp="2022-08-23T08:53:44 IST">
  <testcase classname="action_tests.Tab_Handle_Test" name="new_tab" time="16.01"/>
  <testcase classname="action_tests.Tab_Handle_Test" name="check_win_msg" time="0.0">
    <ignored/>
  </testcase> <!-- check_win_msg -->
  <testcase classname="action_tests.Tab_Handle_Test" name="new_win" time="0.0">
    <ignored/>
  </testcase> <!-- new_win -->
</testsuite> <!-- Tab_Window_handling -->
